<?xml version="1.0" encoding="UTF-8"?>
<testsuite xmlns:xsi="http://www.w3.org/2001/XMLSchema-instance" xsi:noNamespaceSchemaLocation="https://maven.apache.org/surefire/maven-surefire-plugin/xsd/surefire-test-report-3.0.xsd" version="3.0" name="destiny.AppTest" time="25.426" tests="14" errors="0" skipped="0" failures="0">
  <properties>
    <property name="java.specification.version" value="17"/>
    <property name="sun.cpu.isalist" value="amd64"/>
    <property name="sun.jnu.encoding" value="Cp1252"/>
    <property name="java.class.path" value="E:\Code\destiny\target\test-classes;E:\Code\destiny\target\classes;C:\Users\dan30\.m2\repository\org\json\json\20211205\json-20211205.jar;C:\Users\dan30\.m2\repository\org\codehaus\groovy\groovy-all\2.3.11\groovy-all-2.3.11.jar;C:\Users\dan30\.m2\repository\com\konghq\unirest-java\3.13.10\unirest-java-3.13.10.jar;C:\Users\dan30\.m2\repository\org\apache\httpcomponents\httpclient\4.5.13\httpclient-4.5.13.jar;C:\Users\dan30\.m2\repository\org\apache\httpcomponents\httpcore\4.4.13\httpcore-4.4.13.jar;C:\Users\dan30\.m2\repository\commons-logging\commons-logging\1.2\commons-logging-1.2.jar;C:\Users\dan30\.m2\repository\org\apache\httpcomponents\httpmime\4.5.13\httpmime-4.5.13.jar;C:\Users\dan30\.m2\repository\org\apache\httpcomponents\httpcore-nio\4.4.13\httpcore-nio-4.4.13.jar;C:\Users\dan30\.m2\repository\org\apache\httpcomponents\httpasyncclient\4.1.5\httpasyncclient-4.1.5.jar;C:\Users\dan30\.m2\repository\commons-codec\commons-codec\1.15\commons-codec-1.15.jar;C:\Users\dan30\.m2\repository\com\google\code\gson\gson\2.9.0\gson-2.9.0.jar;C:\Users\dan30\.m2\repository\junit\junit\4.13.2\junit-4.13.2.jar;C:\Users\dan30\.m2\repository\org\hamcrest\hamcrest-core\1.3\hamcrest-core-1.3.jar;C:\Users\dan30\.m2\repository\org\jetbrains\annotations\24.1.0\annotations-24.1.0.jar;C:\Users\dan30\.m2\repository\org\apache\commons\commons-lang3\3.14.0\commons-lang3-3.14.0.jar;C:\Users\dan30\.m2\repository\edu\stanford\nlp\stanford-corenlp\4.5.6\stanford-corenlp-4.5.6.jar;C:\Users\dan30\.m2\repository\com\apple\AppleJavaExtensions\1.4\AppleJavaExtensions-1.4.jar;C:\Users\dan30\.m2\repository\de\jollyday\jollyday\0.4.9\jollyday-0.4.9.jar;C:\Users\dan30\.m2\repository\org\apache\lucene\lucene-queryparser\7.5.0\lucene-queryparser-7.5.0.jar;C:\Users\dan30\.m2\repository\org\apache\lucene\lucene-queries\7.5.0\lucene-queries-7.5.0.jar;C:\Users\dan30\.m2\repository\org\apache\lucene\lucene-sandbox\7.5.0\lucene-sandbox-7.5.0.jar;C:\Users\dan30\.m2\repository\org\apache\lucene\lucene-analyzers-common\7.5.0\lucene-analyzers-common-7.5.0.jar;C:\Users\dan30\.m2\repository\jakarta\servlet\jakarta.servlet-api\4.0.4\jakarta.servlet-api-4.0.4.jar;C:\Users\dan30\.m2\repository\xom\xom\1.3.9\xom-1.3.9.jar;C:\Users\dan30\.m2\repository\xerces\xercesImpl\2.12.2\xercesImpl-2.12.2.jar;C:\Users\dan30\.m2\repository\xml-apis\xml-apis\1.4.01\xml-apis-1.4.01.jar;C:\Users\dan30\.m2\repository\xalan\xalan\2.7.3\xalan-2.7.3.jar;C:\Users\dan30\.m2\repository\xalan\serializer\2.7.3\serializer-2.7.3.jar;C:\Users\dan30\.m2\repository\joda-time\joda-time\2.10.5\joda-time-2.10.5.jar;C:\Users\dan30\.m2\repository\org\ejml\ejml-core\0.39\ejml-core-0.39.jar;C:\Users\dan30\.m2\repository\com\google\code\findbugs\jsr305\3.0.2\jsr305-3.0.2.jar;C:\Users\dan30\.m2\repository\org\ejml\ejml-ddense\0.39\ejml-ddense-0.39.jar;C:\Users\dan30\.m2\repository\org\ejml\ejml-simple\0.39\ejml-simple-0.39.jar;C:\Users\dan30\.m2\repository\org\ejml\ejml-fdense\0.39\ejml-fdense-0.39.jar;C:\Users\dan30\.m2\repository\org\ejml\ejml-cdense\0.39\ejml-cdense-0.39.jar;C:\Users\dan30\.m2\repository\org\ejml\ejml-zdense\0.39\ejml-zdense-0.39.jar;C:\Users\dan30\.m2\repository\org\ejml\ejml-dsparse\0.39\ejml-dsparse-0.39.jar;C:\Users\dan30\.m2\repository\org\ejml\ejml-fsparse\0.39\ejml-fsparse-0.39.jar;C:\Users\dan30\.m2\repository\org\glassfish\javax.json\1.0.4\javax.json-1.0.4.jar;C:\Users\dan30\.m2\repository\com\google\protobuf\protobuf-java\3.19.6\protobuf-java-3.19.6.jar;C:\Users\dan30\.m2\repository\javax\activation\javax.activation-api\1.2.0\javax.activation-api-1.2.0.jar;C:\Users\dan30\.m2\repository\javax\xml\bind\jaxb-api\2.4.0-b180830.0359\jaxb-api-2.4.0-b180830.0359.jar;C:\Users\dan30\.m2\repository\com\sun\istack\istack-commons-runtime\3.0.7\istack-commons-runtime-3.0.7.jar;C:\Users\dan30\.m2\repository\com\sun\xml\bind\jaxb-impl\2.4.0-b180830.0438\jaxb-impl-2.4.0-b180830.0438.jar;C:\Users\dan30\.m2\repository\com\googlecode\json-simple\json-simple\1.1.1\json-simple-1.1.1.jar;C:\Users\dan30\.m2\repository\edu\stanford\nlp\stanford-corenlp\4.5.6\stanford-corenlp-4.5.6-models.jar;C:\Users\dan30\.m2\repository\edu\stanford\nlp\stanford-parser\3.9.2\stanford-parser-3.9.2.jar;C:\Users\dan30\.m2\repository\com\googlecode\efficient-java-matrix-library\ejml\0.23\ejml-0.23.jar;C:\Users\dan30\.m2\repository\org\slf4j\slf4j-simple\2.0.9\slf4j-simple-2.0.9.jar;C:\Users\dan30\.m2\repository\org\slf4j\slf4j-api\2.0.9\slf4j-api-2.0.9.jar;C:\Users\dan30\.m2\repository\org\apache\lucene\lucene-core\7.1.0\lucene-core-7.1.0.jar;"/>
    <property name="java.vm.vendor" value="Eclipse Adoptium"/>
    <property name="sun.arch.data.model" value="64"/>
    <property name="user.variant" value=""/>
    <property name="java.vendor.url" value="https://adoptium.net/"/>
    <property name="user.timezone" value="America/New_York"/>
    <property name="os.name" value="Windows 10"/>
    <property name="java.vm.specification.version" value="17"/>
    <property name="sun.java.launcher" value="SUN_STANDARD"/>
    <property name="user.country" value="US"/>
    <property name="sun.boot.library.path" value="C:\Program Files\Java\jdk-17.0.4.8-hotspot\bin"/>
    <property name="sun.java.command" value="C:\Users\dan30\AppData\Local\Temp\surefire15299674908988955931\surefirebooter14882443438398270364.jar C:\Users\dan30\AppData\Local\Temp\surefire15299674908988955931 2024-04-03T22-48-42_245-jvmRun1 surefire4869544300253782269tmp surefire_011676899500952526650tmp"/>
    <property name="jdk.debug" value="release"/>
    <property name="surefire.test.class.path" value="E:\Code\destiny\target\test-classes;E:\Code\destiny\target\classes;C:\Users\dan30\.m2\repository\org\json\json\20211205\json-20211205.jar;C:\Users\dan30\.m2\repository\org\codehaus\groovy\groovy-all\2.3.11\groovy-all-2.3.11.jar;C:\Users\dan30\.m2\repository\com\konghq\unirest-java\3.13.10\unirest-java-3.13.10.jar;C:\Users\dan30\.m2\repository\org\apache\httpcomponents\httpclient\4.5.13\httpclient-4.5.13.jar;C:\Users\dan30\.m2\repository\org\apache\httpcomponents\httpcore\4.4.13\httpcore-4.4.13.jar;C:\Users\dan30\.m2\repository\commons-logging\commons-logging\1.2\commons-logging-1.2.jar;C:\Users\dan30\.m2\repository\org\apache\httpcomponents\httpmime\4.5.13\httpmime-4.5.13.jar;C:\Users\dan30\.m2\repository\org\apache\httpcomponents\httpcore-nio\4.4.13\httpcore-nio-4.4.13.jar;C:\Users\dan30\.m2\repository\org\apache\httpcomponents\httpasyncclient\4.1.5\httpasyncclient-4.1.5.jar;C:\Users\dan30\.m2\repository\commons-codec\commons-codec\1.15\commons-codec-1.15.jar;C:\Users\dan30\.m2\repository\com\google\code\gson\gson\2.9.0\gson-2.9.0.jar;C:\Users\dan30\.m2\repository\junit\junit\4.13.2\junit-4.13.2.jar;C:\Users\dan30\.m2\repository\org\hamcrest\hamcrest-core\1.3\hamcrest-core-1.3.jar;C:\Users\dan30\.m2\repository\org\jetbrains\annotations\24.1.0\annotations-24.1.0.jar;C:\Users\dan30\.m2\repository\org\apache\commons\commons-lang3\3.14.0\commons-lang3-3.14.0.jar;C:\Users\dan30\.m2\repository\edu\stanford\nlp\stanford-corenlp\4.5.6\stanford-corenlp-4.5.6.jar;C:\Users\dan30\.m2\repository\com\apple\AppleJavaExtensions\1.4\AppleJavaExtensions-1.4.jar;C:\Users\dan30\.m2\repository\de\jollyday\jollyday\0.4.9\jollyday-0.4.9.jar;C:\Users\dan30\.m2\repository\org\apache\lucene\lucene-queryparser\7.5.0\lucene-queryparser-7.5.0.jar;C:\Users\dan30\.m2\repository\org\apache\lucene\lucene-queries\7.5.0\lucene-queries-7.5.0.jar;C:\Users\dan30\.m2\repository\org\apache\lucene\lucene-sandbox\7.5.0\lucene-sandbox-7.5.0.jar;C:\Users\dan30\.m2\repository\org\apache\lucene\lucene-analyzers-common\7.5.0\lucene-analyzers-common-7.5.0.jar;C:\Users\dan30\.m2\repository\jakarta\servlet\jakarta.servlet-api\4.0.4\jakarta.servlet-api-4.0.4.jar;C:\Users\dan30\.m2\repository\xom\xom\1.3.9\xom-1.3.9.jar;C:\Users\dan30\.m2\repository\xerces\xercesImpl\2.12.2\xercesImpl-2.12.2.jar;C:\Users\dan30\.m2\repository\xml-apis\xml-apis\1.4.01\xml-apis-1.4.01.jar;C:\Users\dan30\.m2\repository\xalan\xalan\2.7.3\xalan-2.7.3.jar;C:\Users\dan30\.m2\repository\xalan\serializer\2.7.3\serializer-2.7.3.jar;C:\Users\dan30\.m2\repository\joda-time\joda-time\2.10.5\joda-time-2.10.5.jar;C:\Users\dan30\.m2\repository\org\ejml\ejml-core\0.39\ejml-core-0.39.jar;C:\Users\dan30\.m2\repository\com\google\code\findbugs\jsr305\3.0.2\jsr305-3.0.2.jar;C:\Users\dan30\.m2\repository\org\ejml\ejml-ddense\0.39\ejml-ddense-0.39.jar;C:\Users\dan30\.m2\repository\org\ejml\ejml-simple\0.39\ejml-simple-0.39.jar;C:\Users\dan30\.m2\repository\org\ejml\ejml-fdense\0.39\ejml-fdense-0.39.jar;C:\Users\dan30\.m2\repository\org\ejml\ejml-cdense\0.39\ejml-cdense-0.39.jar;C:\Users\dan30\.m2\repository\org\ejml\ejml-zdense\0.39\ejml-zdense-0.39.jar;C:\Users\dan30\.m2\repository\org\ejml\ejml-dsparse\0.39\ejml-dsparse-0.39.jar;C:\Users\dan30\.m2\repository\org\ejml\ejml-fsparse\0.39\ejml-fsparse-0.39.jar;C:\Users\dan30\.m2\repository\org\glassfish\javax.json\1.0.4\javax.json-1.0.4.jar;C:\Users\dan30\.m2\repository\com\google\protobuf\protobuf-java\3.19.6\protobuf-java-3.19.6.jar;C:\Users\dan30\.m2\repository\javax\activation\javax.activation-api\1.2.0\javax.activation-api-1.2.0.jar;C:\Users\dan30\.m2\repository\javax\xml\bind\jaxb-api\2.4.0-b180830.0359\jaxb-api-2.4.0-b180830.0359.jar;C:\Users\dan30\.m2\repository\com\sun\istack\istack-commons-runtime\3.0.7\istack-commons-runtime-3.0.7.jar;C:\Users\dan30\.m2\repository\com\sun\xml\bind\jaxb-impl\2.4.0-b180830.0438\jaxb-impl-2.4.0-b180830.0438.jar;C:\Users\dan30\.m2\repository\com\googlecode\json-simple\json-simple\1.1.1\json-simple-1.1.1.jar;C:\Users\dan30\.m2\repository\edu\stanford\nlp\stanford-corenlp\4.5.6\stanford-corenlp-4.5.6-models.jar;C:\Users\dan30\.m2\repository\edu\stanford\nlp\stanford-parser\3.9.2\stanford-parser-3.9.2.jar;C:\Users\dan30\.m2\repository\com\googlecode\efficient-java-matrix-library\ejml\0.23\ejml-0.23.jar;C:\Users\dan30\.m2\repository\org\slf4j\slf4j-simple\2.0.9\slf4j-simple-2.0.9.jar;C:\Users\dan30\.m2\repository\org\slf4j\slf4j-api\2.0.9\slf4j-api-2.0.9.jar;C:\Users\dan30\.m2\repository\org\apache\lucene\lucene-core\7.1.0\lucene-core-7.1.0.jar;"/>
    <property name="sun.cpu.endian" value="little"/>
    <property name="user.home" value="C:\Users\dan30"/>
    <property name="user.language" value="en"/>
    <property name="java.specification.vendor" value="Oracle Corporation"/>
    <property name="java.version.date" value="2022-07-19"/>
    <property name="java.home" value="C:\Program Files\Java\jdk-17.0.4.8-hotspot"/>
    <property name="file.separator" value="\"/>
    <property name="basedir" value="E:\Code\destiny"/>
    <property name="java.vm.compressedOopsMode" value="Zero based"/>
    <property name="line.separator" value="&#10;"/>
    <property name="java.vm.specification.vendor" value="Oracle Corporation"/>
    <property name="java.specification.name" value="Java Platform API Specification"/>
    <property name="surefire.real.class.path" value="C:\Users\dan30\AppData\Local\Temp\surefire15299674908988955931\surefirebooter14882443438398270364.jar"/>
    <property name="user.script" value=""/>
    <property name="sun.management.compiler" value="HotSpot 64-Bit Tiered Compilers"/>
    <property name="java.runtime.version" value="17.0.4+8"/>
    <property name="user.name" value="dan30"/>
    <property name="path.separator" value=";"/>
    <property name="os.version" value="10.0"/>
    <property name="java.runtime.name" value="OpenJDK Runtime Environment"/>
    <property name="file.encoding" value="Cp1252"/>
    <property name="java.vm.name" value="OpenJDK 64-Bit Server VM"/>
    <property name="java.vendor.version" value="Temurin-17.0.4+8"/>
    <property name="localRepository" value="C:\Users\dan30\.m2\repository"/>
    <property name="java.vendor.url.bug" value="https://github.com/adoptium/adoptium-support/issues"/>
    <property name="java.io.tmpdir" value="C:\Users\dan30\AppData\Local\Temp\"/>
    <property name="java.version" value="17.0.4"/>
    <property name="user.dir" value="E:\Code\destiny"/>
    <property name="os.arch" value="amd64"/>
    <property name="java.vm.specification.name" value="Java Virtual Machine Specification"/>
    <property name="sun.os.patch.level" value=""/>
    <property name="native.encoding" value="Cp1252"/>
    <property name="java.library.path" value="C:\Program Files\Java\jdk-17.0.4.8-hotspot\bin;C:\WINDOWS\Sun\Java\bin;C:\WINDOWS\system32;C:\WINDOWS;C:\Program Files\Groovy\groovy-4.0.12\bin;C:\Program Files\Java\jdk-17.0.4.8-hotspot\bin;C:\Program Files\Common Files\Oracle\Java\javapath;C:\Program Files (x86)\Common Files\Oracle\Java\javapath;C:\Program Files\Java\jdk-17.0.2.8-hotspot\bin;C:\Program Files\Java\jdk-16.0.1\bin;C:\Program Files\Java\jdk-8.0.322.6-hotspot\bin;C:\Users\dan30\AppData\Local\Programs\Python\Python39\Scripts\;C:\Users\dan30\AppData\Local\Programs\Python\Python39\;C:\ProgramData\Oracle\Java\javapath;C:\Program Files (x86)\Common Files\Intel\Shared Libraries\redist\intel64\compiler;C:\windows\system32;C:\windows;C:\windows\System32\Wbem;C:\windows\System32\WindowsPowerShell\v1.0\;C:\windows\System32\OpenSSH\;C:\Program Files (x86)\NVIDIA Corporation\PhysX\Common;C:\Program Files\NVIDIA Corporation\NVIDIA NvDLISR;C:\WINDOWS\system32;C:\WINDOWS;C:\WINDOWS\System32\Wbem;C:\WINDOWS\System32\WindowsPowerShell\v1.0\;C:\WINDOWS\System32\OpenSSH\;C:\Program Files\Git\cmd;C:\Program Files\Docker\Docker\resources\bin;C:\ProgramData\DockerDesktop\version-bin;C:\Program Files\nodejs\;C:\ProgramData\chocolatey\bin;C:\Program Files\dotnet\;C:\Program Files\Microsoft SQL Server\150\Tools\Binn\;C:\Program Files\Microsoft SQL Server\Client SDK\ODBC\170\Tools\Binn\;;C:\Program Files\HP\HP One Agent;C:\Users\dan30\.cargo\bin;C:\Users\dan30\AppData\Roaming\TinyTeX\bin\win32;C:\Users\dan30\AppData\Local\Microsoft\WindowsApps;C:\Users\dan30\AppData\Local\Programs\Microsoft VS Code\bin;C:\Program Files\Java\jdk-17.0.2.8-hotspot\bin;C:\Program Files\Java\jdk-16.0.1\bin;C:\Program Files\Java\jdk-8.0.322.6-hotspot\bin;C:\Users\dan30\AppData\Local\Programs\MiKTeX\miktex\bin\x64\;C:\Users\dan30\AppData\Roaming\npm;C:\Program Files\Maven\apache-maven-3.8.2\bin;C:\Program Files\SDL;C:\Users\dan30\.rustup\toolchains\nightly-x86_64-pc-windows-msvc\lib\rustlib\x86_64-pc-windows-msvc\lib;C:\Program Files\JetBrains\IntelliJ IDEA Community Edition 2022.2.3\bin;;C:\Users\dan30\AppData\Local\GitHubDesktop\bin;C:\Program Files\JetBrains\DataGrip 2021.3.3\bin;;C:\Users\dan30\.dotnet\tools;C:\Users\dan30\AppData\Local\Packages\PythonSoftwareFoundation.Python.3.9_qbz5n2kfra8p0\LocalCache\local-packages\Python39\Scripts;;."/>
    <property name="java.vm.info" value="mixed mode, sharing"/>
    <property name="java.vendor" value="Eclipse Adoptium"/>
    <property name="java.vm.version" value="17.0.4+8"/>
    <property name="sun.io.unicode.encoding" value="UnicodeLittle"/>
    <property name="java.class.version" value="61.0"/>
  </properties>
  <testcase name="testLineParserAll" classname="destiny.AppTest" time="0.016"/>
  <testcase name="testArmor" classname="destiny.AppTest" time="2.452"/>
  <testcase name="testInput" classname="destiny.AppTest" time="0.002"/>
  <testcase name="testMWPattern" classname="destiny.AppTest" time="0.002"/>
  <testcase name="testLineParserAllWithIgnore" classname="destiny.AppTest" time="0.002"/>
  <testcase name="writeHashMapToCsv" classname="destiny.AppTest" time="0.001"/>
  <testcase name="testFrequencySummarizer" classname="destiny.AppTest" time="21.512"/>
  <testcase name="testAnalyzer" classname="destiny.AppTest" time="0.082"/>
  <testcase name="testWishlistUrl" classname="destiny.AppTest" time="1.312"/>
  <testcase name="testAdeptConversion" classname="destiny.AppTest" time="0.001"/>
  <testcase name="testLineParserItem" classname="destiny.AppTest" time="0.001"/>
  <testcase name="testLineParserItemPerksOnly" classname="destiny.AppTest" time="0.001"/>
  <testcase name="testLineParserIgnoreItem" classname="destiny.AppTest" time="0.001"/>
  <testcase name="testLineParserItemWithIgnore" classname="destiny.AppTest" time="0.002"/>
</testsuite>