version https://git-lfs.github.com/spec/v1
oid sha256:d1709f43fbf559de45a242c9c23fc6cebb2b94fa3307ec6c4d4c4666fda874b1
size 16591
