version https://git-lfs.github.com/spec/v1
oid sha256:55317916be7d1633d2f6d4845a7ed5a1a2d20aa014b5955e5b48ac322bd7b098
size 15940
